2024-07-14 13:20:28 INFO  BaseClass:26 - Tc_002_LoginDDT Clicking on Get Appointment
2024-07-14 13:20:39 INFO  BaseClass:26 - Tc_002_LoginDDT Clicking on Get Appointment
2024-07-14 13:20:49 INFO  BaseClass:26 - Tc_002_LoginDDT Clicking on Get Appointment
2024-07-14 13:21:00 INFO  BaseClass:26 - Tc_002_LoginDDT Clicking on Get Appointment
2024-07-14 13:21:10 INFO  BaseClass:26 - Tc_002_LoginDDT Clicking on Get Appointment
2024-07-14 13:28:02 INFO  BaseClass:26 - Tc_002_LoginDDT Clicking on Get Appointment
2024-07-14 13:28:08 INFO  BaseClass:34 - Capturing usernamefrom excel
2024-07-14 13:28:08 INFO  BaseClass:36 - Capturing password from excel
2024-07-14 13:28:08 INFO  BaseClass:38 - Capturing result from excel
2024-07-14 13:28:08 INFO  BaseClass:41 - providing username
2024-07-14 13:28:08 INFO  BaseClass:44 - providing password
2024-07-14 13:28:10 INFO  BaseClass:49 - Validating
2024-07-14 13:28:21 INFO  BaseClass:26 - Tc_002_LoginDDT Clicking on Get Appointment
2024-07-14 13:28:21 INFO  BaseClass:34 - Capturing usernamefrom excel
2024-07-14 13:28:21 INFO  BaseClass:36 - Capturing password from excel
2024-07-14 13:28:21 INFO  BaseClass:38 - Capturing result from excel
2024-07-14 13:28:21 INFO  BaseClass:41 - providing username
2024-07-14 13:28:22 INFO  BaseClass:44 - providing password
2024-07-14 13:28:22 INFO  BaseClass:49 - Validating
2024-07-14 13:28:33 INFO  BaseClass:26 - Tc_002_LoginDDT Clicking on Get Appointment
2024-07-14 13:28:33 INFO  BaseClass:34 - Capturing usernamefrom excel
2024-07-14 13:28:33 INFO  BaseClass:36 - Capturing password from excel
2024-07-14 13:28:33 INFO  BaseClass:38 - Capturing result from excel
2024-07-14 13:28:33 INFO  BaseClass:41 - providing username
2024-07-14 13:28:33 INFO  BaseClass:44 - providing password
2024-07-14 13:28:34 INFO  BaseClass:49 - Validating
2024-07-14 13:28:44 INFO  BaseClass:26 - Tc_002_LoginDDT Clicking on Get Appointment
2024-07-14 13:28:45 INFO  BaseClass:34 - Capturing usernamefrom excel
2024-07-14 13:28:45 INFO  BaseClass:36 - Capturing password from excel
2024-07-14 13:28:45 INFO  BaseClass:38 - Capturing result from excel
2024-07-14 13:28:45 INFO  BaseClass:41 - providing username
2024-07-14 13:28:45 INFO  BaseClass:44 - providing password
2024-07-14 13:28:46 INFO  BaseClass:49 - Validating
2024-07-14 13:28:56 INFO  BaseClass:26 - Tc_002_LoginDDT Clicking on Get Appointment
2024-07-14 13:28:57 INFO  BaseClass:34 - Capturing usernamefrom excel
2024-07-14 13:28:57 INFO  BaseClass:36 - Capturing password from excel
2024-07-14 13:28:57 INFO  BaseClass:38 - Capturing result from excel
2024-07-14 13:28:57 INFO  BaseClass:41 - providing username
2024-07-14 13:28:57 INFO  BaseClass:44 - providing password
2024-07-14 13:28:58 INFO  BaseClass:49 - Validating
2024-07-14 13:29:08 INFO  BaseClass:26 - Tc_002_LoginDDT Clicking on Get Appointment
2024-07-14 13:29:08 INFO  BaseClass:34 - Capturing usernamefrom excel
2024-07-14 13:29:08 INFO  BaseClass:36 - Capturing password from excel
2024-07-14 13:29:08 INFO  BaseClass:38 - Capturing result from excel
2024-07-14 13:29:08 INFO  BaseClass:41 - providing username
2024-07-14 13:29:08 INFO  BaseClass:44 - providing password
2024-07-14 13:29:09 INFO  BaseClass:49 - Validating
2024-07-14 13:29:20 INFO  BaseClass:26 - Tc_002_LoginDDT Clicking on Get Appointment
2024-07-14 13:29:20 INFO  BaseClass:34 - Capturing usernamefrom excel
2024-07-14 13:29:20 INFO  BaseClass:36 - Capturing password from excel
2024-07-14 13:29:20 INFO  BaseClass:38 - Capturing result from excel
2024-07-14 13:29:20 INFO  BaseClass:41 - providing username
2024-07-14 13:29:20 INFO  BaseClass:44 - providing password
2024-07-14 13:29:21 INFO  BaseClass:49 - Validating
2024-07-14 13:29:31 INFO  BaseClass:26 - Tc_002_LoginDDT Clicking on Get Appointment
2024-07-14 13:29:31 INFO  BaseClass:34 - Capturing usernamefrom excel
2024-07-14 13:29:31 INFO  BaseClass:36 - Capturing password from excel
2024-07-14 13:29:31 INFO  BaseClass:38 - Capturing result from excel
2024-07-14 13:29:31 INFO  BaseClass:41 - providing username
2024-07-14 13:29:32 INFO  BaseClass:44 - providing password
2024-07-14 13:29:32 INFO  BaseClass:49 - Validating
2024-07-14 13:29:42 INFO  BaseClass:26 - Tc_002_LoginDDT Clicking on Get Appointment
2024-07-14 13:29:42 INFO  BaseClass:34 - Capturing usernamefrom excel
2024-07-14 13:29:42 INFO  BaseClass:36 - Capturing password from excel
2024-07-14 13:29:42 INFO  BaseClass:38 - Capturing result from excel
2024-07-14 13:29:42 INFO  BaseClass:41 - providing username
2024-07-14 13:29:43 INFO  BaseClass:44 - providing password
2024-07-14 13:29:44 INFO  BaseClass:49 - Validating
2024-07-14 13:29:54 INFO  BaseClass:26 - Tc_002_LoginDDT Clicking on Get Appointment
2024-07-14 13:29:54 INFO  BaseClass:34 - Capturing usernamefrom excel
2024-07-14 13:29:54 INFO  BaseClass:36 - Capturing password from excel
2024-07-14 13:29:54 INFO  BaseClass:38 - Capturing result from excel
2024-07-14 13:29:54 INFO  BaseClass:41 - providing username
2024-07-14 13:29:54 INFO  BaseClass:44 - providing password
2024-07-14 13:29:55 INFO  BaseClass:49 - Validating
2024-07-14 13:30:06 INFO  BaseClass:26 - Tc_002_LoginDDT Clicking on Get Appointment
2024-07-14 13:30:06 INFO  BaseClass:34 - Capturing usernamefrom excel
2024-07-14 13:30:06 INFO  BaseClass:36 - Capturing password from excel
2024-07-14 13:30:06 INFO  BaseClass:38 - Capturing result from excel
2024-07-14 13:30:06 INFO  BaseClass:41 - providing username
2024-07-14 13:30:06 INFO  BaseClass:44 - providing password
2024-07-14 13:30:07 INFO  BaseClass:49 - Validating
2024-07-14 13:30:17 INFO  BaseClass:26 - Tc_002_LoginDDT Clicking on Get Appointment
2024-07-14 13:30:17 INFO  BaseClass:34 - Capturing usernamefrom excel
2024-07-14 13:30:17 INFO  BaseClass:36 - Capturing password from excel
2024-07-14 13:30:17 INFO  BaseClass:38 - Capturing result from excel
2024-07-14 13:30:17 INFO  BaseClass:41 - providing username
2024-07-14 13:30:17 INFO  BaseClass:44 - providing password
2024-07-14 13:30:18 INFO  BaseClass:49 - Validating
2024-07-14 13:30:29 INFO  BaseClass:26 - Tc_002_LoginDDT Clicking on Get Appointment
2024-07-14 13:30:29 INFO  BaseClass:34 - Capturing usernamefrom excel
2024-07-14 13:30:29 INFO  BaseClass:36 - Capturing password from excel
2024-07-14 13:30:29 INFO  BaseClass:38 - Capturing result from excel
2024-07-14 13:30:29 INFO  BaseClass:41 - providing username
2024-07-14 13:30:29 INFO  BaseClass:44 - providing password
2024-07-14 13:30:51 INFO  BaseClass:26 - Tc_002_LoginDDT Clicking on Get Appointment
2024-07-14 13:30:51 INFO  BaseClass:34 - Capturing usernamefrom excel
2024-07-14 13:41:36 INFO  BaseClass:26 - Tc_002_LoginDDT Clicking on Get Appointment
2024-07-14 13:41:38 INFO  BaseClass:34 - Capturing usernamefrom excel
2024-07-14 13:41:38 INFO  BaseClass:36 - Capturing password from excel
2024-07-14 13:41:38 INFO  BaseClass:38 - Capturing result from excel
2024-07-14 13:41:38 INFO  BaseClass:41 - providing username
2024-07-14 13:41:38 INFO  BaseClass:44 - providing password
2024-07-14 13:42:00 INFO  BaseClass:26 - Tc_002_LoginDDT Clicking on Get Appointment
2024-07-14 13:42:00 INFO  BaseClass:34 - Capturing usernamefrom excel
2024-07-14 13:42:00 INFO  BaseClass:36 - Capturing password from excel
2024-07-14 13:42:00 INFO  BaseClass:38 - Capturing result from excel
2024-07-14 13:42:00 INFO  BaseClass:41 - providing username
2024-07-14 13:42:00 INFO  BaseClass:44 - providing password
2024-07-14 14:36:49 INFO  BaseClass:26 - Tc_002_LoginDDT Clicking on Get Appointment
2024-07-14 14:36:51 INFO  BaseClass:35 - Capturing usernamefrom excel
2024-07-14 14:36:51 INFO  BaseClass:37 - Capturing password from excel
2024-07-14 14:36:51 INFO  BaseClass:39 - Capturing result from excel
2024-07-14 14:36:51 INFO  BaseClass:42 - providing username
2024-07-14 14:36:52 INFO  BaseClass:45 - providing password
2024-07-14 14:36:52 INFO  BaseClass:50 - Validating
2024-07-14 14:37:03 INFO  BaseClass:26 - Tc_002_LoginDDT Clicking on Get Appointment
2024-07-14 14:37:03 INFO  BaseClass:35 - Capturing usernamefrom excel
2024-07-14 14:37:03 INFO  BaseClass:37 - Capturing password from excel
2024-07-14 14:37:03 INFO  BaseClass:39 - Capturing result from excel
2024-07-14 14:37:03 INFO  BaseClass:42 - providing username
2024-07-14 14:37:03 INFO  BaseClass:45 - providing password
2024-07-14 14:37:04 INFO  BaseClass:50 - Validating
2024-07-14 14:37:17 INFO  BaseClass:26 - Tc_002_LoginDDT Clicking on Get Appointment
2024-07-14 14:37:17 INFO  BaseClass:35 - Capturing usernamefrom excel
2024-07-14 14:37:17 INFO  BaseClass:37 - Capturing password from excel
2024-07-14 14:37:17 INFO  BaseClass:39 - Capturing result from excel
2024-07-14 14:37:17 INFO  BaseClass:42 - providing username
2024-07-14 14:37:17 INFO  BaseClass:45 - providing password
2024-07-14 14:37:18 INFO  BaseClass:50 - Validating
2024-07-14 14:37:28 INFO  BaseClass:26 - Tc_002_LoginDDT Clicking on Get Appointment
2024-07-14 14:37:28 INFO  BaseClass:35 - Capturing usernamefrom excel
2024-07-14 14:37:28 INFO  BaseClass:37 - Capturing password from excel
2024-07-14 14:37:28 INFO  BaseClass:39 - Capturing result from excel
2024-07-14 14:37:28 INFO  BaseClass:42 - providing username
2024-07-14 14:37:28 INFO  BaseClass:45 - providing password
2024-07-14 14:37:29 INFO  BaseClass:50 - Validating
2024-07-14 14:37:41 INFO  BaseClass:26 - Tc_002_LoginDDT Clicking on Get Appointment
2024-07-14 14:37:41 INFO  BaseClass:35 - Capturing usernamefrom excel
2024-07-14 14:37:41 INFO  BaseClass:37 - Capturing password from excel
2024-07-14 14:37:41 INFO  BaseClass:39 - Capturing result from excel
2024-07-14 14:37:41 INFO  BaseClass:42 - providing username
2024-07-14 14:37:41 INFO  BaseClass:45 - providing password
2024-07-14 14:37:42 INFO  BaseClass:50 - Validating
2024-07-14 14:37:52 INFO  BaseClass:26 - Tc_002_LoginDDT Clicking on Get Appointment
2024-07-14 14:37:52 INFO  BaseClass:35 - Capturing usernamefrom excel
2024-07-14 14:37:52 INFO  BaseClass:37 - Capturing password from excel
2024-07-14 14:37:52 INFO  BaseClass:39 - Capturing result from excel
2024-07-14 14:37:52 INFO  BaseClass:42 - providing username
2024-07-14 14:37:52 INFO  BaseClass:45 - providing password
2024-07-14 14:37:53 INFO  BaseClass:50 - Validating
2024-07-14 14:38:04 INFO  BaseClass:26 - Tc_002_LoginDDT Clicking on Get Appointment
2024-07-14 14:38:04 INFO  BaseClass:35 - Capturing usernamefrom excel
2024-07-14 14:38:04 INFO  BaseClass:37 - Capturing password from excel
2024-07-14 14:38:04 INFO  BaseClass:39 - Capturing result from excel
2024-07-14 14:38:04 INFO  BaseClass:42 - providing username
2024-07-14 14:38:04 INFO  BaseClass:45 - providing password
2024-07-14 14:38:05 INFO  BaseClass:50 - Validating
2024-07-14 14:38:16 INFO  BaseClass:26 - Tc_002_LoginDDT Clicking on Get Appointment
2024-07-14 14:38:16 INFO  BaseClass:35 - Capturing usernamefrom excel
2024-07-14 14:38:16 INFO  BaseClass:37 - Capturing password from excel
2024-07-14 14:38:16 INFO  BaseClass:39 - Capturing result from excel
2024-07-14 14:38:16 INFO  BaseClass:42 - providing username
2024-07-14 14:38:16 INFO  BaseClass:45 - providing password
2024-07-14 14:38:17 INFO  BaseClass:50 - Validating
2024-07-14 14:38:27 INFO  BaseClass:26 - Tc_002_LoginDDT Clicking on Get Appointment
2024-07-14 14:38:27 INFO  BaseClass:35 - Capturing usernamefrom excel
2024-07-14 14:38:27 INFO  BaseClass:37 - Capturing password from excel
2024-07-14 14:38:27 INFO  BaseClass:39 - Capturing result from excel
2024-07-14 14:38:27 INFO  BaseClass:42 - providing username
2024-07-14 14:38:28 INFO  BaseClass:45 - providing password
2024-07-14 14:38:29 INFO  BaseClass:50 - Validating
2024-07-14 14:38:40 INFO  BaseClass:26 - Tc_002_LoginDDT Clicking on Get Appointment
2024-07-14 14:38:40 INFO  BaseClass:35 - Capturing usernamefrom excel
2024-07-14 14:38:40 INFO  BaseClass:37 - Capturing password from excel
2024-07-14 14:38:40 INFO  BaseClass:39 - Capturing result from excel
2024-07-14 14:38:40 INFO  BaseClass:42 - providing username
2024-07-14 14:38:41 INFO  BaseClass:45 - providing password
2024-07-14 14:38:41 INFO  BaseClass:50 - Validating
2024-07-14 14:38:53 INFO  BaseClass:26 - Tc_002_LoginDDT Clicking on Get Appointment
2024-07-14 14:38:53 INFO  BaseClass:35 - Capturing usernamefrom excel
2024-07-14 14:38:53 INFO  BaseClass:37 - Capturing password from excel
2024-07-14 14:38:53 INFO  BaseClass:39 - Capturing result from excel
2024-07-14 14:38:53 INFO  BaseClass:42 - providing username
2024-07-14 14:38:53 INFO  BaseClass:45 - providing password
2024-07-14 14:38:54 INFO  BaseClass:50 - Validating
2024-07-14 14:39:04 INFO  BaseClass:26 - Tc_002_LoginDDT Clicking on Get Appointment
2024-07-14 14:39:04 INFO  BaseClass:35 - Capturing usernamefrom excel
2024-07-14 14:39:04 INFO  BaseClass:37 - Capturing password from excel
2024-07-14 14:39:04 INFO  BaseClass:39 - Capturing result from excel
2024-07-14 14:39:04 INFO  BaseClass:42 - providing username
2024-07-14 14:39:05 INFO  BaseClass:45 - providing password
2024-07-14 14:39:05 INFO  BaseClass:50 - Validating
2024-07-14 14:39:16 INFO  BaseClass:26 - Tc_002_LoginDDT Clicking on Get Appointment
2024-07-14 14:39:16 INFO  BaseClass:35 - Capturing usernamefrom excel
2024-07-14 14:39:16 INFO  BaseClass:37 - Capturing password from excel
2024-07-14 14:39:16 INFO  BaseClass:39 - Capturing result from excel
2024-07-14 14:39:16 INFO  BaseClass:42 - providing username
2024-07-14 14:39:16 INFO  BaseClass:45 - providing password
2024-07-14 14:39:17 INFO  BaseClass:50 - Validating
2024-07-14 17:29:17 INFO  BaseClass:26 - Tc_002_LoginDDT Clicking on Get Appointment
2024-07-14 17:29:18 INFO  BaseClass:35 - Capturing usernamefrom excel
2024-07-14 17:29:18 INFO  BaseClass:37 - Capturing password from excel
2024-07-14 17:29:18 INFO  BaseClass:39 - Capturing result from excel
2024-07-14 17:29:18 INFO  BaseClass:42 - providing username
2024-07-14 17:29:18 INFO  BaseClass:45 - providing password
2024-07-14 17:29:19 INFO  BaseClass:50 - Validating
2024-07-14 17:29:29 INFO  BaseClass:26 - Tc_002_LoginDDT Clicking on Get Appointment
2024-07-14 17:29:29 INFO  BaseClass:35 - Capturing usernamefrom excel
2024-07-14 17:29:29 INFO  BaseClass:37 - Capturing password from excel
2024-07-14 17:29:29 INFO  BaseClass:39 - Capturing result from excel
2024-07-14 17:29:29 INFO  BaseClass:42 - providing username
2024-07-14 17:29:30 INFO  BaseClass:45 - providing password
2024-07-14 17:29:30 INFO  BaseClass:50 - Validating
2024-07-14 17:29:40 INFO  BaseClass:26 - Tc_002_LoginDDT Clicking on Get Appointment
2024-07-14 17:29:40 INFO  BaseClass:35 - Capturing usernamefrom excel
2024-07-14 17:29:40 INFO  BaseClass:37 - Capturing password from excel
2024-07-14 17:29:40 INFO  BaseClass:39 - Capturing result from excel
2024-07-14 17:29:40 INFO  BaseClass:42 - providing username
2024-07-14 17:29:40 INFO  BaseClass:45 - providing password
2024-07-14 17:29:41 INFO  BaseClass:50 - Validating
2024-07-14 17:29:51 INFO  BaseClass:26 - Tc_002_LoginDDT Clicking on Get Appointment
2024-07-14 17:29:51 INFO  BaseClass:35 - Capturing usernamefrom excel
2024-07-14 17:29:51 INFO  BaseClass:37 - Capturing password from excel
2024-07-14 17:29:51 INFO  BaseClass:39 - Capturing result from excel
2024-07-14 17:29:51 INFO  BaseClass:42 - providing username
2024-07-14 17:29:51 INFO  BaseClass:45 - providing password
2024-07-14 17:29:52 INFO  BaseClass:50 - Validating
2024-07-14 17:30:02 INFO  BaseClass:26 - Tc_002_LoginDDT Clicking on Get Appointment
2024-07-14 17:30:02 INFO  BaseClass:35 - Capturing usernamefrom excel
2024-07-14 17:30:02 INFO  BaseClass:37 - Capturing password from excel
2024-07-14 17:30:02 INFO  BaseClass:39 - Capturing result from excel
2024-07-14 17:30:02 INFO  BaseClass:42 - providing username
2024-07-14 17:30:02 INFO  BaseClass:45 - providing password
2024-07-14 17:30:03 INFO  BaseClass:50 - Validating
2024-07-14 17:30:12 INFO  BaseClass:26 - Tc_002_LoginDDT Clicking on Get Appointment
2024-07-14 17:30:13 INFO  BaseClass:35 - Capturing usernamefrom excel
2024-07-14 17:30:13 INFO  BaseClass:37 - Capturing password from excel
2024-07-14 17:30:13 INFO  BaseClass:39 - Capturing result from excel
2024-07-14 17:30:13 INFO  BaseClass:42 - providing username
2024-07-14 17:30:13 INFO  BaseClass:45 - providing password
2024-07-14 17:30:14 INFO  BaseClass:50 - Validating
2024-07-14 17:30:24 INFO  BaseClass:26 - Tc_002_LoginDDT Clicking on Get Appointment
2024-07-14 17:30:24 INFO  BaseClass:35 - Capturing usernamefrom excel
2024-07-14 17:30:24 INFO  BaseClass:37 - Capturing password from excel
2024-07-14 17:30:24 INFO  BaseClass:39 - Capturing result from excel
2024-07-14 17:30:24 INFO  BaseClass:42 - providing username
2024-07-14 17:30:24 INFO  BaseClass:45 - providing password
2024-07-14 17:30:25 INFO  BaseClass:50 - Validating
2024-07-14 17:30:35 INFO  BaseClass:26 - Tc_002_LoginDDT Clicking on Get Appointment
2024-07-14 17:30:35 INFO  BaseClass:35 - Capturing usernamefrom excel
2024-07-14 17:30:35 INFO  BaseClass:37 - Capturing password from excel
2024-07-14 17:30:35 INFO  BaseClass:39 - Capturing result from excel
2024-07-14 17:30:35 INFO  BaseClass:42 - providing username
2024-07-14 17:30:35 INFO  BaseClass:45 - providing password
2024-07-14 17:30:36 INFO  BaseClass:50 - Validating
2024-07-14 17:30:46 INFO  BaseClass:26 - Tc_002_LoginDDT Clicking on Get Appointment
2024-07-14 17:30:46 INFO  BaseClass:35 - Capturing usernamefrom excel
2024-07-14 17:30:46 INFO  BaseClass:37 - Capturing password from excel
2024-07-14 17:30:46 INFO  BaseClass:39 - Capturing result from excel
2024-07-14 17:30:46 INFO  BaseClass:42 - providing username
2024-07-14 17:30:46 INFO  BaseClass:45 - providing password
2024-07-14 17:30:47 INFO  BaseClass:50 - Validating
2024-07-14 17:30:58 INFO  BaseClass:26 - Tc_002_LoginDDT Clicking on Get Appointment
2024-07-14 17:30:58 INFO  BaseClass:35 - Capturing usernamefrom excel
2024-07-14 17:30:58 INFO  BaseClass:37 - Capturing password from excel
2024-07-14 17:30:58 INFO  BaseClass:39 - Capturing result from excel
2024-07-14 17:30:58 INFO  BaseClass:42 - providing username
2024-07-14 17:30:58 INFO  BaseClass:45 - providing password
2024-07-14 17:30:59 INFO  BaseClass:50 - Validating
2024-07-14 17:31:09 INFO  BaseClass:26 - Tc_002_LoginDDT Clicking on Get Appointment
2024-07-14 17:31:09 INFO  BaseClass:35 - Capturing usernamefrom excel
2024-07-14 17:31:09 INFO  BaseClass:37 - Capturing password from excel
2024-07-14 17:31:09 INFO  BaseClass:39 - Capturing result from excel
2024-07-14 17:31:09 INFO  BaseClass:42 - providing username
2024-07-14 17:31:10 INFO  BaseClass:45 - providing password
2024-07-14 17:31:10 INFO  BaseClass:50 - Validating
2024-07-14 17:31:21 INFO  BaseClass:26 - Tc_002_LoginDDT Clicking on Get Appointment
2024-07-14 17:31:21 INFO  BaseClass:35 - Capturing usernamefrom excel
2024-07-14 17:31:21 INFO  BaseClass:37 - Capturing password from excel
2024-07-14 17:31:21 INFO  BaseClass:39 - Capturing result from excel
2024-07-14 17:31:21 INFO  BaseClass:42 - providing username
2024-07-14 17:31:21 INFO  BaseClass:45 - providing password
2024-07-14 17:31:22 INFO  BaseClass:50 - Validating
2024-07-14 17:31:32 INFO  BaseClass:26 - Tc_002_LoginDDT Clicking on Get Appointment
2024-07-14 17:31:32 INFO  BaseClass:35 - Capturing usernamefrom excel
2024-07-14 17:31:32 INFO  BaseClass:37 - Capturing password from excel
2024-07-14 17:31:32 INFO  BaseClass:39 - Capturing result from excel
2024-07-14 17:31:32 INFO  BaseClass:42 - providing username
2024-07-14 17:31:32 INFO  BaseClass:45 - providing password
2024-07-14 17:31:32 INFO  BaseClass:50 - Validating
2024-07-14 17:35:40 INFO  BaseClass:26 - Tc_002_LoginDDT Clicking on Get Appointment
2024-07-14 17:35:41 INFO  BaseClass:35 - Capturing usernamefrom excel
2024-07-14 17:35:41 INFO  BaseClass:37 - Capturing password from excel
2024-07-14 17:35:41 INFO  BaseClass:39 - Capturing result from excel
2024-07-14 17:35:41 INFO  BaseClass:42 - providing username
2024-07-14 17:35:41 INFO  BaseClass:45 - providing password
2024-07-14 17:35:42 INFO  BaseClass:50 - Validating
2024-07-14 17:35:53 INFO  BaseClass:26 - Tc_002_LoginDDT Clicking on Get Appointment
2024-07-14 17:35:54 INFO  BaseClass:35 - Capturing usernamefrom excel
2024-07-14 17:35:54 INFO  BaseClass:37 - Capturing password from excel
2024-07-14 17:35:54 INFO  BaseClass:39 - Capturing result from excel
2024-07-14 17:35:54 INFO  BaseClass:42 - providing username
2024-07-14 17:35:54 INFO  BaseClass:45 - providing password
2024-07-14 17:35:54 INFO  BaseClass:50 - Validating
2024-07-14 17:36:06 INFO  BaseClass:26 - Tc_002_LoginDDT Clicking on Get Appointment
2024-07-14 17:36:06 INFO  BaseClass:35 - Capturing usernamefrom excel
2024-07-14 17:36:06 INFO  BaseClass:37 - Capturing password from excel
2024-07-14 17:36:06 INFO  BaseClass:39 - Capturing result from excel
2024-07-14 17:36:06 INFO  BaseClass:42 - providing username
2024-07-14 17:36:06 INFO  BaseClass:45 - providing password
2024-07-14 17:36:07 INFO  BaseClass:50 - Validating
2024-07-14 17:36:18 INFO  BaseClass:26 - Tc_002_LoginDDT Clicking on Get Appointment
2024-07-14 17:36:18 INFO  BaseClass:35 - Capturing usernamefrom excel
2024-07-14 17:36:18 INFO  BaseClass:37 - Capturing password from excel
2024-07-14 17:36:18 INFO  BaseClass:39 - Capturing result from excel
2024-07-14 17:36:18 INFO  BaseClass:42 - providing username
2024-07-14 17:36:18 INFO  BaseClass:45 - providing password
2024-07-14 17:36:19 INFO  BaseClass:50 - Validating
2024-07-14 17:36:29 INFO  BaseClass:26 - Tc_002_LoginDDT Clicking on Get Appointment
2024-07-14 17:36:29 INFO  BaseClass:35 - Capturing usernamefrom excel
2024-07-14 17:36:29 INFO  BaseClass:37 - Capturing password from excel
2024-07-14 17:36:29 INFO  BaseClass:39 - Capturing result from excel
2024-07-14 17:36:29 INFO  BaseClass:42 - providing username
2024-07-14 17:36:29 INFO  BaseClass:45 - providing password
2024-07-14 17:36:30 INFO  BaseClass:50 - Validating
2024-07-14 17:36:40 INFO  BaseClass:26 - Tc_002_LoginDDT Clicking on Get Appointment
2024-07-14 17:36:41 INFO  BaseClass:35 - Capturing usernamefrom excel
2024-07-14 17:36:41 INFO  BaseClass:37 - Capturing password from excel
2024-07-14 17:36:41 INFO  BaseClass:39 - Capturing result from excel
2024-07-14 17:36:41 INFO  BaseClass:42 - providing username
2024-07-14 17:36:41 INFO  BaseClass:45 - providing password
2024-07-14 17:36:42 INFO  BaseClass:50 - Validating
2024-07-14 17:36:52 INFO  BaseClass:26 - Tc_002_LoginDDT Clicking on Get Appointment
2024-07-14 17:36:52 INFO  BaseClass:35 - Capturing usernamefrom excel
2024-07-14 17:36:52 INFO  BaseClass:37 - Capturing password from excel
2024-07-14 17:36:52 INFO  BaseClass:39 - Capturing result from excel
2024-07-14 17:36:52 INFO  BaseClass:42 - providing username
2024-07-14 17:36:52 INFO  BaseClass:45 - providing password
2024-07-14 17:36:53 INFO  BaseClass:50 - Validating
2024-07-14 17:37:03 INFO  BaseClass:26 - Tc_002_LoginDDT Clicking on Get Appointment
2024-07-14 17:37:03 INFO  BaseClass:35 - Capturing usernamefrom excel
2024-07-14 17:37:03 INFO  BaseClass:37 - Capturing password from excel
2024-07-14 17:37:03 INFO  BaseClass:39 - Capturing result from excel
2024-07-14 17:37:03 INFO  BaseClass:42 - providing username
2024-07-14 17:37:04 INFO  BaseClass:45 - providing password
2024-07-14 17:37:04 INFO  BaseClass:50 - Validating
2024-07-14 17:37:14 INFO  BaseClass:26 - Tc_002_LoginDDT Clicking on Get Appointment
2024-07-14 17:37:14 INFO  BaseClass:35 - Capturing usernamefrom excel
2024-07-14 17:37:14 INFO  BaseClass:37 - Capturing password from excel
2024-07-14 17:37:14 INFO  BaseClass:39 - Capturing result from excel
2024-07-14 17:37:14 INFO  BaseClass:42 - providing username
2024-07-14 17:37:15 INFO  BaseClass:45 - providing password
2024-07-14 17:37:16 INFO  BaseClass:50 - Validating
2024-07-14 17:37:27 INFO  BaseClass:26 - Tc_002_LoginDDT Clicking on Get Appointment
2024-07-14 17:37:27 INFO  BaseClass:35 - Capturing usernamefrom excel
2024-07-14 17:37:27 INFO  BaseClass:37 - Capturing password from excel
2024-07-14 17:37:27 INFO  BaseClass:39 - Capturing result from excel
2024-07-14 17:37:27 INFO  BaseClass:42 - providing username
2024-07-14 17:37:27 INFO  BaseClass:45 - providing password
2024-07-14 17:37:28 INFO  BaseClass:50 - Validating
2024-07-14 17:37:40 INFO  BaseClass:26 - Tc_002_LoginDDT Clicking on Get Appointment
2024-07-14 17:37:40 INFO  BaseClass:35 - Capturing usernamefrom excel
2024-07-14 17:37:40 INFO  BaseClass:37 - Capturing password from excel
2024-07-14 17:37:40 INFO  BaseClass:39 - Capturing result from excel
2024-07-14 17:37:40 INFO  BaseClass:42 - providing username
2024-07-14 17:37:40 INFO  BaseClass:45 - providing password
2024-07-14 17:37:41 INFO  BaseClass:50 - Validating
2024-07-14 17:37:51 INFO  BaseClass:26 - Tc_002_LoginDDT Clicking on Get Appointment
2024-07-14 17:37:51 INFO  BaseClass:35 - Capturing usernamefrom excel
2024-07-14 17:37:51 INFO  BaseClass:37 - Capturing password from excel
2024-07-14 17:37:51 INFO  BaseClass:39 - Capturing result from excel
2024-07-14 17:37:51 INFO  BaseClass:42 - providing username
2024-07-14 17:37:52 INFO  BaseClass:45 - providing password
2024-07-14 17:37:52 INFO  BaseClass:50 - Validating
2024-07-14 17:38:02 INFO  BaseClass:26 - Tc_002_LoginDDT Clicking on Get Appointment
2024-07-14 17:38:02 INFO  BaseClass:35 - Capturing usernamefrom excel
2024-07-14 17:38:02 INFO  BaseClass:37 - Capturing password from excel
2024-07-14 17:38:02 INFO  BaseClass:39 - Capturing result from excel
2024-07-14 17:38:02 INFO  BaseClass:42 - providing username
2024-07-14 17:38:03 INFO  BaseClass:45 - providing password
2024-07-14 17:38:03 INFO  BaseClass:50 - Validating
2024-07-14 19:00:09 INFO  BaseClass:25 - Entering username
2024-07-14 19:00:20 INFO  BaseClass:26 - Tc_002_LoginDDT Clicking on Get Appointment
2024-07-14 19:00:24 INFO  BaseClass:35 - Capturing usernamefrom excel
2024-07-14 19:00:24 INFO  BaseClass:37 - Capturing password from excel
2024-07-14 19:00:24 INFO  BaseClass:39 - Capturing result from excel
2024-07-14 19:00:24 INFO  BaseClass:42 - providing username
2024-07-14 19:00:24 INFO  BaseClass:45 - providing password
2024-07-14 19:00:25 INFO  BaseClass:50 - Validating
2024-07-14 19:00:37 INFO  BaseClass:26 - Tc_002_LoginDDT Clicking on Get Appointment
2024-07-14 19:00:37 INFO  BaseClass:35 - Capturing usernamefrom excel
2024-07-14 19:00:37 INFO  BaseClass:37 - Capturing password from excel
2024-07-14 19:00:37 INFO  BaseClass:39 - Capturing result from excel
2024-07-14 19:00:37 INFO  BaseClass:42 - providing username
2024-07-14 19:00:37 INFO  BaseClass:45 - providing password
2024-07-14 19:00:38 INFO  BaseClass:50 - Validating
2024-07-14 19:00:52 INFO  BaseClass:26 - Tc_002_LoginDDT Clicking on Get Appointment
2024-07-14 19:00:52 INFO  BaseClass:35 - Capturing usernamefrom excel
2024-07-14 19:00:52 INFO  BaseClass:37 - Capturing password from excel
2024-07-14 19:00:52 INFO  BaseClass:39 - Capturing result from excel
2024-07-14 19:00:52 INFO  BaseClass:42 - providing username
2024-07-14 19:00:52 INFO  BaseClass:45 - providing password
2024-07-14 19:00:53 INFO  BaseClass:50 - Validating
2024-07-14 19:01:15 INFO  BaseClass:26 - Tc_002_LoginDDT Clicking on Get Appointment
2024-07-14 19:01:15 INFO  BaseClass:35 - Capturing usernamefrom excel
2024-07-14 19:01:15 INFO  BaseClass:37 - Capturing password from excel
2024-07-14 19:01:15 INFO  BaseClass:39 - Capturing result from excel
2024-07-14 19:01:15 INFO  BaseClass:42 - providing username
2024-07-14 19:01:15 INFO  BaseClass:45 - providing password
2024-07-14 19:01:16 INFO  BaseClass:50 - Validating
2024-07-14 19:09:16 INFO  BaseClass:21 - Clicking make Appointment link
2024-07-14 19:09:16 INFO  BaseClass:25 - Entering username
2024-07-14 19:09:16 INFO  BaseClass:27 - Entering Password
2024-07-14 19:09:17 INFO  BaseClass:34 - Entering fields
2024-07-14 19:09:19 INFO  BaseClass:47 - validating
2024-07-14 19:09:32 INFO  BaseClass:25 - Entering username
2024-07-14 19:09:33 INFO  BaseClass:27 - Entering Password
2024-07-14 19:09:33 INFO  BaseClass:34 - Entering fields
2024-07-14 19:09:34 INFO  BaseClass:47 - clicking on bookapiontment link
2024-07-14 19:09:35 INFO  BaseClass:54 - validating
